 WARN [2020-09-30 15:53:10,892] ({main} ZeppelinConfiguration.java[create]:117) - Failed to load configuration, proceeding with a default
 INFO [2020-09-30 15:53:10,977] ({main} ZeppelinConfiguration.java[create]:129) - Server Host: 0.0.0.0
 INFO [2020-09-30 15:53:10,977] ({main} ZeppelinConfiguration.java[create]:131) - Server Port: 8080
 INFO [2020-09-30 15:53:10,977] ({main} ZeppelinConfiguration.java[create]:135) - Context Path: /
 INFO [2020-09-30 15:53:10,984] ({main} ZeppelinConfiguration.java[create]:136) - Zeppelin Version: 0.8.1
 INFO [2020-09-30 15:53:11,024] ({main} Log.java[initialized]:193) - Logging initialized @692ms to org.eclipse.jetty.util.log.Slf4jLog
 WARN [2020-09-30 15:53:11,243] ({main} ServerConnector.java[setSoLingerTime]:458) - Ignoring deprecated socket close linger time
 INFO [2020-09-30 15:53:11,367] ({main} ZeppelinServer.java[setupWebAppContext]:413) - ZeppelinServer Webapp path: /zeppelin/webapps
 INFO [2020-09-30 15:53:11,565] ({main} ZeppelinServer.java[main]:239) - Starting zeppelin server
 INFO [2020-09-30 15:53:11,568] ({main} Server.java[doStart]:370) - jetty-9.4.14.v20181114; built: 2018-11-14T21:20:31.478Z; git: c4550056e785fb5665914545889f21dc136ad9e6; jvm 1.8.0_191-8u191-b12-0ubuntu0.16.04.1-b12
 INFO [2020-09-30 15:53:15,699] ({main} StandardDescriptorProcessor.java[visitServlet]:283) - NO JSP Support for /, did not find org.eclipse.jetty.jsp.JettyJspServlet
 INFO [2020-09-30 15:53:15,730] ({main} DefaultSessionIdManager.java[doStart]:365) - DefaultSessionIdManager workerName=node0
 INFO [2020-09-30 15:53:15,730] ({main} DefaultSessionIdManager.java[doStart]:370) - No SessionScavenger set, using defaults
 INFO [2020-09-30 15:53:15,735] ({main} HouseKeeper.java[startScavenging]:149) - node0 Scavenging every 600000ms
 INFO [2020-09-30 15:53:16,678] ({main} SchedulerFactory.java[<init>]:59) - Scheduler Thread Pool Size: 100
 WARN [2020-09-30 15:53:16,705] ({main} ZeppelinConfiguration.java[getConfigFSDir]:527) - zeppelin.config.fs.dir is not specified, fall back to local conf directory zeppelin.conf.dir
 WARN [2020-09-30 15:53:16,707] ({main} ZeppelinConfiguration.java[getConfigFSDir]:527) - zeppelin.config.fs.dir is not specified, fall back to local conf directory zeppelin.conf.dir
 INFO [2020-09-30 15:53:16,879] ({main} InterpreterSettingManager.java[<init>]:165) - Using RecoveryStorage: org.apache.zeppelin.interpreter.recovery.NullRecoveryStorage
 INFO [2020-09-30 15:53:16,883] ({main} InterpreterSettingManager.java[<init>]:169) - Using LifecycleManager: org.apache.zeppelin.interpreter.lifecycle.NullLifecycleManager
 INFO [2020-09-30 15:53:16,935] ({main} InterpreterSettingManager.java[registerInterpreterSetting]:425) - Register InterpreterSettingTemplate: lens
 INFO [2020-09-30 15:53:16,942] ({main} InterpreterSettingManager.java[registerInterpreterSetting]:425) - Register InterpreterSettingTemplate: hbase
 WARN [2020-09-30 15:53:16,950] ({main} InterpreterSettingManager.java[init]:331) - No interpreter-setting.json found in /zeppelin/interpreter/${interpreter.name}
 INFO [2020-09-30 15:53:16,961] ({main} InterpreterSettingManager.java[registerInterpreterSetting]:425) - Register InterpreterSettingTemplate: spark
 INFO [2020-09-30 15:53:16,967] ({main} InterpreterSettingManager.java[registerInterpreterSetting]:425) - Register InterpreterSettingTemplate: kylin
 INFO [2020-09-30 15:53:16,972] ({main} InterpreterSettingManager.java[registerInterpreterSetting]:425) - Register InterpreterSettingTemplate: ignite
 INFO [2020-09-30 15:53:16,976] ({main} InterpreterSettingManager.java[registerInterpreterSetting]:425) - Register InterpreterSettingTemplate: groovy
 WARN [2020-09-30 15:53:17,142] ({main} InterpreterSettingManager.java[init]:331) - No interpreter-setting.json found in /zeppelin/interpreter/scio
 INFO [2020-09-30 15:53:17,154] ({main} InterpreterSettingManager.java[registerInterpreterSetting]:425) - Register InterpreterSettingTemplate: flink
 INFO [2020-09-30 15:53:17,168] ({main} InterpreterSettingManager.java[registerInterpreterSetting]:425) - Register InterpreterSettingTemplate: livy
 INFO [2020-09-30 15:53:17,171] ({main} InterpreterSettingManager.java[registerInterpreterSetting]:425) - Register InterpreterSettingTemplate: angular
 INFO [2020-09-30 15:53:17,173] ({main} InterpreterSettingManager.java[registerInterpreterSetting]:425) - Register InterpreterSettingTemplate: alluxio
 INFO [2020-09-30 15:53:17,185] ({main} InterpreterSettingManager.java[registerInterpreterSetting]:425) - Register InterpreterSettingTemplate: bigquery
 INFO [2020-09-30 15:53:17,189] ({main} InterpreterSettingManager.java[registerInterpreterSetting]:425) - Register InterpreterSettingTemplate: elasticsearch
 INFO [2020-09-30 15:53:17,192] ({main} InterpreterSettingManager.java[registerInterpreterSetting]:425) - Register InterpreterSettingTemplate: md
 INFO [2020-09-30 15:53:17,201] ({main} InterpreterSettingManager.java[registerInterpreterSetting]:425) - Register InterpreterSettingTemplate: jdbc
 INFO [2020-09-30 15:53:17,209] ({main} InterpreterSettingManager.java[registerInterpreterSetting]:425) - Register InterpreterSettingTemplate: file
 INFO [2020-09-30 15:53:17,212] ({main} InterpreterSettingManager.java[registerInterpreterSetting]:425) - Register InterpreterSettingTemplate: python
 WARN [2020-09-30 15:53:17,217] ({main} InterpreterSettingManager.java[init]:331) - No interpreter-setting.json found in /zeppelin/interpreter/lib
 INFO [2020-09-30 15:53:17,226] ({main} InterpreterSettingManager.java[registerInterpreterSetting]:425) - Register InterpreterSettingTemplate: sh
 INFO [2020-09-30 15:53:17,240] ({main} InterpreterSettingManager.java[registerInterpreterSetting]:425) - Register InterpreterSettingTemplate: neo4j
 INFO [2020-09-30 15:53:17,247] ({main} InterpreterSettingManager.java[registerInterpreterSetting]:425) - Register InterpreterSettingTemplate: cassandra
 INFO [2020-09-30 15:53:17,258] ({main} InterpreterSettingManager.java[registerInterpreterSetting]:425) - Register InterpreterSettingTemplate: pig
 INFO [2020-09-30 15:53:17,263] ({main} InterpreterSettingManager.java[registerInterpreterSetting]:425) - Register InterpreterSettingTemplate: sap
 WARN [2020-09-30 15:53:17,263] ({main} LocalConfigStorage.java[loadInterpreterSettings]:60) - Interpreter Setting file /zeppelin/conf/interpreter.json is not existed
 INFO [2020-09-30 15:53:17,332] ({main} LocalConfigStorage.java[save]:53) - Save Interpreter Setting to /zeppelin/conf/interpreter.json
 INFO [2020-09-30 15:53:17,583] ({main} VfsLog.java[info]:138) - Using "/tmp/vfs_cache" as temporary files store.
 INFO [2020-09-30 15:53:17,718] ({main} GitNotebookRepo.java[<init>]:64) - Opening a git repo at '/zeppelin/notebook'
 INFO [2020-09-30 15:53:18,086] ({main} GitNotebookRepo.java[<init>]:67) - Git repo /zeppelin/notebook/.git does not exist, creating a new one
 INFO [2020-09-30 15:53:18,149] ({main} NotebookRepoSync.java[<init>]:77) - Instantiate NotebookRepo: org.apache.zeppelin.notebook.repo.GitNotebookRepo
 WARN [2020-09-30 15:53:18,413] ({main} NotebookAuthorization.java[getInstance]:86) - Notebook authorization module was called without initialization, initializing with default configuration
 WARN [2020-09-30 15:53:18,414] ({main} LocalConfigStorage.java[loadNotebookAuthorization]:77) - NotebookAuthorization file /zeppelin/conf/notebook-authorization.json is not existed
 INFO [2020-09-30 15:53:18,416] ({main} Credentials.java[loadFromFile]:121) - /zeppelin/conf/credentials.json
 INFO [2020-09-30 15:53:18,484] ({main} StdSchedulerFactory.java[instantiate]:1184) - Using default implementation for ThreadExecutor
 INFO [2020-09-30 15:53:18,490] ({main} SimpleThreadPool.java[initialize]:268) - Job execution threads will use class loader of thread: main
 INFO [2020-09-30 15:53:18,530] ({main} SchedulerSignalerImpl.java[<init>]:61) - Initialized Scheduler Signaller of type: class org.quartz.core.SchedulerSignalerImpl
 INFO [2020-09-30 15:53:18,533] ({main} QuartzScheduler.java[<init>]:240) - Quartz Scheduler v.2.2.1 created.
 INFO [2020-09-30 15:53:18,535] ({main} RAMJobStore.java[initialize]:155) - RAMJobStore initialized.
 INFO [2020-09-30 15:53:18,537] ({main} QuartzScheduler.java[initialize]:305) - Scheduler meta-data: Quartz Scheduler (v2.2.1) 'DefaultQuartzScheduler' with instanceId 'NON_CLUSTERED'
  Scheduler class: 'org.quartz.core.QuartzScheduler' - running locally.
  NOT STARTED.
  Currently in standby mode.
  Number of jobs executed: 0
  Using thread pool 'org.quartz.simpl.SimpleThreadPool' - with 10 threads.
  Using job-store 'org.quartz.simpl.RAMJobStore' - which does not support persistence. and is not clustered.

 INFO [2020-09-30 15:53:18,537] ({main} StdSchedulerFactory.java[instantiate]:1339) - Quartz scheduler 'DefaultQuartzScheduler' initialized from default resource file in Quartz package: 'quartz.properties'
 INFO [2020-09-30 15:53:18,538] ({main} StdSchedulerFactory.java[instantiate]:1343) - Quartz scheduler version: 2.2.1
 INFO [2020-09-30 15:53:18,539] ({main} QuartzScheduler.java[start]:575) - Scheduler DefaultQuartzScheduler_$_NON_CLUSTERED started.
 INFO [2020-09-30 15:53:18,962] ({main} FolderView.java[createFolder]:107) - Create folder Zeppelin Tutorial
 INFO [2020-09-30 15:53:18,962] ({main} FolderView.java[createFolder]:107) - Create folder /
 INFO [2020-09-30 15:53:18,962] ({main} Folder.java[setParent]:169) - Set parent of / to /
 INFO [2020-09-30 15:53:18,962] ({main} Folder.java[setParent]:169) - Set parent of Zeppelin Tutorial to /
 INFO [2020-09-30 15:53:18,963] ({main} Folder.java[addNote]:185) - Add note 2BWJFTXKJ to folder Zeppelin Tutorial
 WARN [2020-09-30 15:53:18,966] ({main} Notebook.java[refreshCron]:981) - execution of the cron job is skipped cron is not enabled from Zeppelin server
 INFO [2020-09-30 15:53:19,010] ({main} Folder.java[addNote]:185) - Add note 2BYEZ5EVK to folder Zeppelin Tutorial
 WARN [2020-09-30 15:53:19,016] ({main} Notebook.java[refreshCron]:981) - execution of the cron job is skipped cron is not enabled from Zeppelin server
 INFO [2020-09-30 15:53:19,023] ({main} Folder.java[addNote]:185) - Add note 2C57UKYWR to folder Zeppelin Tutorial
 WARN [2020-09-30 15:53:19,028] ({main} Notebook.java[refreshCron]:981) - execution of the cron job is skipped cron is not enabled from Zeppelin server
 INFO [2020-09-30 15:53:19,064] ({main} Folder.java[addNote]:185) - Add note 2C2AUG798 to folder Zeppelin Tutorial
 WARN [2020-09-30 15:53:19,066] ({main} Notebook.java[refreshCron]:981) - execution of the cron job is skipped cron is not enabled from Zeppelin server
 INFO [2020-09-30 15:53:19,082] ({main} Folder.java[addNote]:185) - Add note 2A94M5J1Z to folder Zeppelin Tutorial
 WARN [2020-09-30 15:53:19,083] ({main} Notebook.java[refreshCron]:981) - execution of the cron job is skipped cron is not enabled from Zeppelin server
 INFO [2020-09-30 15:53:19,123] ({main} Folder.java[addNote]:185) - Add note 2C35YU814 to folder Zeppelin Tutorial
 WARN [2020-09-30 15:53:19,125] ({main} Notebook.java[refreshCron]:981) - execution of the cron job is skipped cron is not enabled from Zeppelin server
 INFO [2020-09-30 15:53:19,125] ({main} Notebook.java[<init>]:127) - Notebook indexing started...
 INFO [2020-09-30 15:53:19,740] ({main} LuceneSearch.java[addIndexDocs]:305) - Indexing 6 notebooks took 614ms
 INFO [2020-09-30 15:53:19,741] ({main} Notebook.java[<init>]:129) - Notebook indexing finished: 6 indexed in 0s
 INFO [2020-09-30 15:53:19,743] ({main} Helium.java[loadConf]:103) - Add helium local registry /zeppelin/helium
 INFO [2020-09-30 15:53:19,745] ({main} Helium.java[loadConf]:100) - Add helium online registry https://s3.amazonaws.com/helium-package/helium.json
 WARN [2020-09-30 15:53:19,750] ({main} Helium.java[loadConf]:111) - /zeppelin/conf/helium.json does not exists
 INFO [2020-09-30 15:53:24,289] ({main} ContextHandler.java[doStart]:855) - Started o.e.j.w.WebAppContext@5af97850{zeppelin-web,/,file:///zeppelin/webapps/webapp/,AVAILABLE}{/zeppelin/zeppelin-web-0.8.1.war}
 INFO [2020-09-30 15:53:24,336] ({main} AbstractConnector.java[doStart]:292) - Started ServerConnector@4c58255{HTTP/1.1,[http/1.1]}{0.0.0.0:8080}
 INFO [2020-09-30 15:53:24,337] ({main} Server.java[doStart]:407) - Started @14011ms
 INFO [2020-09-30 15:53:24,337] ({main} ZeppelinServer.java[main]:249) - Done, zeppelin server started
 WARN [2020-09-30 15:53:30,525] ({qtp2107447833-14} SecurityRestApi.java[ticket]:88) - {"status":"OK","message":"","body":{"principal":"anonymous","ticket":"anonymous","roles":"[]"}}
 INFO [2020-09-30 15:53:31,227] ({qtp2107447833-9} NotebookServer.java[onOpen]:151) - New connection from 172.17.0.1 : 46558
 WARN [2020-09-30 15:53:32,961] ({qtp2107447833-13} InterpreterSettingManager.java[compare]:886) - InterpreterGroup sap is not specified in zeppelin.interpreter.group.order
 WARN [2020-09-30 15:53:32,962] ({qtp2107447833-13} InterpreterSettingManager.java[compare]:886) - InterpreterGroup sap is not specified in zeppelin.interpreter.group.order
 WARN [2020-09-30 15:53:32,962] ({qtp2107447833-13} InterpreterSettingManager.java[compare]:892) - InterpreterGroup sap is not specified in zeppelin.interpreter.group.order
 WARN [2020-09-30 15:53:32,962] ({qtp2107447833-13} InterpreterSettingManager.java[compare]:892) - InterpreterGroup sap is not specified in zeppelin.interpreter.group.order
 WARN [2020-09-30 15:53:32,962] ({qtp2107447833-13} InterpreterSettingManager.java[compare]:892) - InterpreterGroup sap is not specified in zeppelin.interpreter.group.order
 WARN [2020-09-30 15:53:32,963] ({qtp2107447833-13} InterpreterSettingManager.java[compare]:892) - InterpreterGroup sap is not specified in zeppelin.interpreter.group.order
 WARN [2020-09-30 15:53:34,817] ({qtp2107447833-16} InterpreterSettingManager.java[compare]:886) - InterpreterGroup sap is not specified in zeppelin.interpreter.group.order
 WARN [2020-09-30 15:53:34,817] ({qtp2107447833-16} InterpreterSettingManager.java[compare]:886) - InterpreterGroup sap is not specified in zeppelin.interpreter.group.order
 WARN [2020-09-30 15:53:34,817] ({qtp2107447833-16} InterpreterSettingManager.java[compare]:892) - InterpreterGroup sap is not specified in zeppelin.interpreter.group.order
 WARN [2020-09-30 15:53:34,817] ({qtp2107447833-16} InterpreterSettingManager.java[compare]:892) - InterpreterGroup sap is not specified in zeppelin.interpreter.group.order
 WARN [2020-09-30 15:53:34,818] ({qtp2107447833-16} InterpreterSettingManager.java[compare]:892) - InterpreterGroup sap is not specified in zeppelin.interpreter.group.order
 WARN [2020-09-30 15:53:34,818] ({qtp2107447833-16} InterpreterSettingManager.java[compare]:892) - InterpreterGroup sap is not specified in zeppelin.interpreter.group.order
 INFO [2020-09-30 15:53:34,819] ({qtp2107447833-16} LocalConfigStorage.java[save]:53) - Save Interpreter Setting to /zeppelin/conf/interpreter.json
 INFO [2020-09-30 15:53:34,918] ({qtp2107447833-16} VFSNotebookRepo.java[save]:196) - Saving note:2FMDMAHHD
 INFO [2020-09-30 15:53:34,939] ({qtp2107447833-16} FolderView.java[onNoteNameChanged]:205) - Note name changed: 2FMDMAHHD -> a
 INFO [2020-09-30 15:53:34,940] ({qtp2107447833-16} Folder.java[addNote]:185) - Add note 2FMDMAHHD to folder /
 INFO [2020-09-30 15:53:34,960] ({qtp2107447833-16} VFSNotebookRepo.java[save]:196) - Saving note:2FMDMAHHD
 INFO [2020-09-30 15:53:35,099] ({qtp2107447833-12} NotebookServer.java[sendNote]:828) - New operation from 172.17.0.1 : 46558 : anonymous : GET_NOTE : 2FMDMAHHD
 WARN [2020-09-30 15:53:35,392] ({qtp2107447833-12} GitNotebookRepo.java[revisionHistory]:158) - No Head found for 2FMDMAHHD, No HEAD exists and no explicit starting revision was specified
 WARN [2020-09-30 15:53:35,403] ({qtp2107447833-12} InterpreterSettingManager.java[compare]:886) - InterpreterGroup sap is not specified in zeppelin.interpreter.group.order
 WARN [2020-09-30 15:53:35,405] ({qtp2107447833-12} InterpreterSettingManager.java[compare]:886) - InterpreterGroup sap is not specified in zeppelin.interpreter.group.order
 WARN [2020-09-30 15:53:35,406] ({qtp2107447833-12} InterpreterSettingManager.java[compare]:892) - InterpreterGroup sap is not specified in zeppelin.interpreter.group.order
 WARN [2020-09-30 15:53:35,407] ({qtp2107447833-12} InterpreterSettingManager.java[compare]:892) - InterpreterGroup sap is not specified in zeppelin.interpreter.group.order
 WARN [2020-09-30 15:53:35,407] ({qtp2107447833-12} InterpreterSettingManager.java[compare]:892) - InterpreterGroup sap is not specified in zeppelin.interpreter.group.order
 WARN [2020-09-30 15:53:35,407] ({qtp2107447833-12} InterpreterSettingManager.java[compare]:892) - InterpreterGroup sap is not specified in zeppelin.interpreter.group.order
 INFO [2020-09-30 15:53:35,500] ({qtp2107447833-11} InterpreterSetting.java[getOrCreateInterpreterGroup]:419) - Create InterpreterGroup with groupId: spark:shared_process for user: anonymous and note: 2FMDMAHHD
 INFO [2020-09-30 15:53:35,551] ({qtp2107447833-11} InterpreterSetting.java[createInterpreters]:689) - Interpreter org.apache.zeppelin.spark.SparkInterpreter created for user: anonymous, sessionId: shared_session
 INFO [2020-09-30 15:53:35,564] ({qtp2107447833-11} InterpreterSetting.java[createInterpreters]:689) - Interpreter org.apache.zeppelin.spark.SparkSqlInterpreter created for user: anonymous, sessionId: shared_session
 INFO [2020-09-30 15:53:35,564] ({qtp2107447833-11} InterpreterSetting.java[createInterpreters]:689) - Interpreter org.apache.zeppelin.spark.DepInterpreter created for user: anonymous, sessionId: shared_session
 INFO [2020-09-30 15:53:35,565] ({qtp2107447833-11} InterpreterSetting.java[createInterpreters]:689) - Interpreter org.apache.zeppelin.spark.PySparkInterpreter created for user: anonymous, sessionId: shared_session
 INFO [2020-09-30 15:53:35,565] ({qtp2107447833-11} InterpreterSetting.java[createInterpreters]:689) - Interpreter org.apache.zeppelin.spark.IPySparkInterpreter created for user: anonymous, sessionId: shared_session
 INFO [2020-09-30 15:53:35,565] ({qtp2107447833-11} InterpreterSetting.java[createInterpreters]:689) - Interpreter org.apache.zeppelin.spark.SparkRInterpreter created for user: anonymous, sessionId: shared_session
 INFO [2020-09-30 15:53:35,566] ({qtp2107447833-11} ManagedInterpreterGroup.java[getOrCreateSession]:158) - Create Session: shared_session in InterpreterGroup: spark:shared_process for user: anonymous
 INFO [2020-09-30 15:53:38,910] ({qtp2107447833-11} VFSNotebookRepo.java[save]:196) - Saving note:2FMDMAHHD
 INFO [2020-09-30 15:53:38,916] ({qtp2107447833-11} Paragraph.java[execute]:343) - skip to run blank paragraph. 20200930-155334_2093928516
 INFO [2020-09-30 15:53:38,917] ({qtp2107447833-11} NotebookServer.java[afterStatusChange]:2314) - Job 20200930-155334_2093928516 is finished successfully, status: FINISHED
 INFO [2020-09-30 15:53:38,929] ({qtp2107447833-11} VFSNotebookRepo.java[save]:196) - Saving note:2FMDMAHHD
 INFO [2020-09-30 15:53:39,832] ({qtp2107447833-13} InterpreterSetting.java[getOrCreateInterpreterGroup]:419) - Create InterpreterGroup with groupId: sh:shared_process for user: anonymous and note: 2FMDMAHHD
 INFO [2020-09-30 15:53:39,833] ({qtp2107447833-13} InterpreterSetting.java[createInterpreters]:689) - Interpreter org.apache.zeppelin.shell.ShellInterpreter created for user: anonymous, sessionId: shared_session
 INFO [2020-09-30 15:53:39,834] ({qtp2107447833-13} ManagedInterpreterGroup.java[getOrCreateSession]:158) - Create Session: shared_session in InterpreterGroup: sh:shared_process for user: anonymous
 INFO [2020-09-30 15:53:40,856] ({qtp2107447833-11} NotebookServer.java[broadcastNewParagraph]:688) - Broadcasting paragraph on run call instead of note.
 INFO [2020-09-30 15:53:40,882] ({qtp2107447833-11} VFSNotebookRepo.java[save]:196) - Saving note:2FMDMAHHD
 INFO [2020-09-30 15:53:40,905] ({pool-2-thread-2} SchedulerFactory.java[jobStarted]:114) - Job 20200930-155334_2093928516 started by scheduler org.apache.zeppelin.interpreter.remote.RemoteInterpreter-sh:shared_process-shared_session
 INFO [2020-09-30 15:53:40,911] ({pool-2-thread-2} Paragraph.java[jobRun]:380) - Run paragraph [paragraph_id: 20200930-155334_2093928516, interpreter: sh, note_id: 2FMDMAHHD, user: anonymous]
 INFO [2020-09-30 15:53:40,913] ({pool-2-thread-2} ManagedInterpreterGroup.java[getOrCreateInterpreterProcess]:61) - Create InterpreterProcess for InterpreterGroup: sh:shared_process
 INFO [2020-09-30 15:53:40,917] ({pool-2-thread-2} ShellScriptLauncher.java[launch]:48) - Launching Interpreter: sh
 INFO [2020-09-30 15:53:40,948] ({pool-2-thread-2} RemoteInterpreterManagedProcess.java[start]:115) - Thrift server for callback will start. Port: 38083
 INFO [2020-09-30 15:53:40,987] ({pool-2-thread-2} RemoteInterpreterManagedProcess.java[start]:190) - Run interpreter process [/zeppelin/bin/interpreter.sh, -d, /zeppelin/interpreter/sh, -c, 172.17.0.2, -p, 38083, -r, :, -l, /zeppelin/local-repo/sh, -g, sh]
 INFO [2020-09-30 15:53:42,699] ({pool-7-thread-1} RemoteInterpreterManagedProcess.java[callback]:123) - RemoteInterpreterServer Registered: CallbackInfo(host:172.17.0.2, port:32769)
 INFO [2020-09-30 15:53:42,824] ({pool-2-thread-2} RemoteInterpreter.java[call]:168) - Create RemoteInterpreter org.apache.zeppelin.shell.ShellInterpreter
 INFO [2020-09-30 15:53:43,061] ({pool-2-thread-2} RemoteInterpreter.java[call]:142) - Open RemoteInterpreter org.apache.zeppelin.shell.ShellInterpreter
 INFO [2020-09-30 15:53:43,061] ({pool-2-thread-2} RemoteInterpreter.java[pushAngularObjectRegistryToRemote]:436) - Push local angular object registry from ZeppelinServer to remote interpreter group sh:shared_process
 INFO [2020-09-30 15:53:43,605] ({pool-2-thread-2} NotebookServer.java[afterStatusChange]:2314) - Job 20200930-155334_2093928516 is finished successfully, status: FINISHED
 INFO [2020-09-30 15:53:43,656] ({pool-2-thread-2} VFSNotebookRepo.java[save]:196) - Saving note:2FMDMAHHD
 INFO [2020-09-30 15:53:43,662] ({pool-2-thread-2} SchedulerFactory.java[jobFinished]:120) - Job 20200930-155334_2093928516 finished by scheduler org.apache.zeppelin.interpreter.remote.RemoteInterpreter-sh:shared_process-shared_session
 INFO [2020-09-30 15:53:55,630] ({qtp2107447833-11} NotebookServer.java[broadcastNewParagraph]:688) - Broadcasting paragraph on run call instead of note.
 INFO [2020-09-30 15:53:55,677] ({qtp2107447833-11} VFSNotebookRepo.java[save]:196) - Saving note:2FMDMAHHD
 INFO [2020-09-30 15:53:55,682] ({pool-2-thread-2} SchedulerFactory.java[jobStarted]:114) - Job 20200930-155340_590695 started by scheduler org.apache.zeppelin.interpreter.remote.RemoteInterpreter-sh:shared_process-shared_session
 INFO [2020-09-30 15:53:55,683] ({pool-2-thread-2} Paragraph.java[jobRun]:380) - Run paragraph [paragraph_id: 20200930-155340_590695, interpreter: sh, note_id: 2FMDMAHHD, user: anonymous]
 INFO [2020-09-30 15:53:55,765] ({pool-2-thread-2} NotebookServer.java[afterStatusChange]:2314) - Job 20200930-155340_590695 is finished successfully, status: FINISHED
 INFO [2020-09-30 15:53:55,897] ({pool-2-thread-2} VFSNotebookRepo.java[save]:196) - Saving note:2FMDMAHHD
 INFO [2020-09-30 15:53:55,906] ({pool-2-thread-2} SchedulerFactory.java[jobFinished]:120) - Job 20200930-155340_590695 finished by scheduler org.apache.zeppelin.interpreter.remote.RemoteInterpreter-sh:shared_process-shared_session
 INFO [2020-09-30 15:53:59,485] ({qtp2107447833-13} NotebookServer.java[broadcastNewParagraph]:688) - Broadcasting paragraph on run call instead of note.
 INFO [2020-09-30 15:53:59,559] ({qtp2107447833-13} VFSNotebookRepo.java[save]:196) - Saving note:2FMDMAHHD
 INFO [2020-09-30 15:53:59,570] ({pool-2-thread-3} SchedulerFactory.java[jobStarted]:114) - Job 20200930-155355_171849304 started by scheduler org.apache.zeppelin.interpreter.remote.RemoteInterpreter-sh:shared_process-shared_session
 INFO [2020-09-30 15:53:59,571] ({pool-2-thread-3} Paragraph.java[jobRun]:380) - Run paragraph [paragraph_id: 20200930-155355_171849304, interpreter: sh, note_id: 2FMDMAHHD, user: anonymous]
 INFO [2020-09-30 15:53:59,642] ({pool-2-thread-3} NotebookServer.java[afterStatusChange]:2314) - Job 20200930-155355_171849304 is finished successfully, status: FINISHED
 INFO [2020-09-30 15:53:59,736] ({pool-2-thread-3} VFSNotebookRepo.java[save]:196) - Saving note:2FMDMAHHD
 INFO [2020-09-30 15:53:59,740] ({pool-2-thread-3} SchedulerFactory.java[jobFinished]:120) - Job 20200930-155355_171849304 finished by scheduler org.apache.zeppelin.interpreter.remote.RemoteInterpreter-sh:shared_process-shared_session
 INFO [2020-09-30 15:54:02,901] ({qtp2107447833-11} NotebookServer.java[broadcastNewParagraph]:688) - Broadcasting paragraph on run call instead of note.
 INFO [2020-09-30 15:54:02,963] ({qtp2107447833-11} VFSNotebookRepo.java[save]:196) - Saving note:2FMDMAHHD
 INFO [2020-09-30 15:54:02,975] ({pool-2-thread-2} SchedulerFactory.java[jobStarted]:114) - Job 20200930-155359_1430980987 started by scheduler org.apache.zeppelin.interpreter.remote.RemoteInterpreter-sh:shared_process-shared_session
 INFO [2020-09-30 15:54:02,976] ({pool-2-thread-2} Paragraph.java[jobRun]:380) - Run paragraph [paragraph_id: 20200930-155359_1430980987, interpreter: sh, note_id: 2FMDMAHHD, user: anonymous]
 INFO [2020-09-30 15:54:03,066] ({pool-2-thread-2} NotebookServer.java[afterStatusChange]:2314) - Job 20200930-155359_1430980987 is finished successfully, status: FINISHED
 INFO [2020-09-30 15:54:03,170] ({pool-2-thread-2} VFSNotebookRepo.java[save]:196) - Saving note:2FMDMAHHD
 INFO [2020-09-30 15:54:03,175] ({pool-2-thread-2} SchedulerFactory.java[jobFinished]:120) - Job 20200930-155359_1430980987 finished by scheduler org.apache.zeppelin.interpreter.remote.RemoteInterpreter-sh:shared_process-shared_session
